[9832:1620:2024-1-23 9:10:44.881] Main Start
[9832:1620:2024-1-23 9:10:44.881] Command line:"F:\EGSP Projects\egsp-saas-sapper\static\assets\images\Zoom_cm_fo42mnktZ9vvrZo4_mllskvwiB+hI9bPQkEc1TCLdAMatf04NjHosY@0-mZzk1Xlb9cXQR5_k9087865604767183_.exe"  Instance:0x5A0000 Show State:1
[9832:1620:2024-1-23 9:10:44.899] F:\
[9832:12496:2024-1-23 9:10:44.900] [process_requst] start, url:https://us05web.zoom.us/conf/launch
[9832:12496:2024-1-23 9:10:45.574] [req_state_read_status_code] zHttpQueryInfo complete, status:200
[9832:12496:2024-1-23 9:10:45.574] [req_state_read_status_code] zHttpQueryInfo complete, status:200 Error: 0
[9832:12496:2024-1-23 9:10:45.574] [read_response_content] API call zHttpQueryInfo failed, error: 12150
[9832:12496:2024-1-23 9:10:47.564] [log_response_content] Content length (1048576 as unknown):1048576 , Total read: 2251 , Error No: 0 , Status code: 200
[9832:12496:2024-1-23 9:10:47.564] [log_response_content] header:
[9832:12496:2024-1-23 9:10:47.564] HTTP/1.1 200 OK
Date: Tue, 23 Jan 2024 03:41:43 GMT
Content-Type: text/plain;charset=utf-8
Transfer-Encoding: chunked
Connection: keep-alive
x-zm-trackingid: v=2.0;clid=us05;rid=WEB_8bf88ce935a222c4d1888b47d6dea48f
x-content-type-options: nosniff
content-security-policy: upgrade-insecure-requests; default-src https://*.zoom.us https://zoom.us blob: 'self'; img-src https: about: blob: data: 'self'; style-src https: safari-extension: chrome-extension: 'unsafe-inline' data: 'self'; font-src https: safari-extension: chrome-extension: blob: data: 'self'; connect-src * about: blob: data: 'self'; media-src * rtmp: blob: data: 'self'; frame-src https: ms-appx-web: zoommtg: zoomus: wvjbscheme: zoomprc: data: blob: 'self'; object-src 'none'; base-uri 'none';
x-frame-options: SAMEORIGIN
set-cookie: zm_aid=; Max-Age=0; Expires=Thu, 01 Jan 1970 00:00:10 GMT; Domain=zoom.us; Path=/; Secure; HttpOnly
x-zm-zoneid: VA
strict-transport-security: max-age=31536000; includeSubDomains
x-xss-protection: 1; mode=block
referrer-policy: strict-origin-when-cross-origin
CF-Cache-Status: DYNAMIC
Set-Cookie: zm_haid=; Max-Age=0; Expires=Thu, 01 Jan 1970 00:00:10 GMT; Domain=zoom.us; Path=/; Secure; HttpOnly
Set-Cookie: zm_tmaid=; Max-Age=0; Expires=Thu, 01 Jan 1970 00:00:10 GMT; Domain=zoom.us; Path=/; Secure; HttpOnly
Set-Cookie: zm_htmaid=; Max-Age=0; Expires=Thu, 01 Jan 1970 00:00:10 GMT; Domain=zoom.us; Path=/; Secure; HttpOnly
Set-Cookie: cred=89D7F21712B48A725C161E23C2A876A5; Path=/; Secure; HttpOnly
Set-Cookie: _zm_page_auth=us05_c_Hl2n2x5GSMK8yT7kC0H4AQ; Domain=zoom.us; Path=/; Secure; HttpOnly
Set-Cookie: _zm_ssid=us05_c_UFh0tO4cTRqBpC_ajMjpAw; Domain=zoom.us; Path=/; Secure; HttpOnly
Set-Cookie: _zm_ctaid=wuynhI6RQ7yKGeWan1P59w.1705981303363.e88c7e97f48d6b964e80d1faab1c6989; Max-Age=7200; Expires=Tue, 23 Jan 2024 05:41:43 GMT; Domain=zoom.us; Path=/; Secure; HttpOnly
Set-Cookie: _zm_chtaid=242; Max-Age=7200; Expires=Tue, 23 Jan 2024 05:41:43 GMT; Domain=zoom.us; Path=/; Secure; HttpOnly
Set-Cookie: _zm_mtk_guid=4eb9b5c797a6496fa9b5530494174fde; Max-Age=63072000; Expires=Thu, 22 Jan 2026 03:41:43 GMT; Domain=zoom.us; Path=/; Secure
Set-Cookie: __cf_bm=QYlPfvLLhrL_SzZi7lrC_T9L8z6M.UFOGGDTH1jVicc-1705981303-1-AVqrznybbwLCqGMzzPWKbEZsfFOy0/S95t7oiJsqSAXyncZcUrIQCSSA3cFndOe5mraiCaCs+gX24NOxZnEkpwk=; path=/; expires=Tue, 23-Jan-24 04:11:43 GMT; domain=.us05web.zoom.us; HttpOnly; Secure; SameSite=None
Report-To: {"endpoints":[{"url":"https:\/\/a.nel.cloudflare.com\/report\/v3?s=5%2B3et4QMXWawJIHIWQrLDxXWqxwXBE%2B6AeJspHax38XLRrCV86rf0fBqqYBO7ZAaYTzrhDmW3Hct4GqlvBpUrqlA7xIwRj3bEoE5vmsqBe9%2BUNUk9zZIRjJOq8GU%2FP2nSw%3D%3D"}],"group":"cf-nel","max_age":604800}
NEL: {"success_fraction":0.01,"report_to":"cf-nel","max_age":604800}
Server: cloudflare
CF-RAY: 849d05c93ecea908-MAA
alt-svc: h3=":443"; ma=86400


[9832:12496:2024-1-23 9:10:47.564] [process_requst] End for url:https://us05web.zoom.us/conf/launch, return code:200, Error:0, Response content size:2251
[9832:1620:2024-1-23 9:10:47.576] Main End
